TN:
SF:constants.ts
FNF:0
FNH:0
DA:4,0
DA:11,0
DA:12,0
DA:17,0
LF:4
LH:0
BRDA:5,0,0,0
BRDA:5,0,1,0
BRDA:5,0,2,0
BRF:3
BRH:0
end_of_record
TN:
SF:index.ts
FN:15,(anonymous_0)
FN:16,(anonymous_1)
FN:16,(anonymous_2)
FN:19,(anonymous_3)
FN:19,(anonymous_4)
FN:22,(anonymous_5)
FN:25,(anonymous_6)
FN:25,(anonymous_7)
FN:26,(anonymous_8)
FN:26,(anonymous_9)
FN:26,(anonymous_10)
FN:30,(anonymous_11)
FN:31,(anonymous_12)
FN:32,(anonymous_13)
FN:33,(anonymous_14)
FN:34,(anonymous_15)
FN:35,(anonymous_16)
FN:36,(anonymous_17)
FN:37,(anonymous_18)
FN:38,(anonymous_19)
FN:42,(anonymous_20)
FN:42,(anonymous_21)
FN:42,(anonymous_22)
FNF:23
FNH:0
FNDA:0,(anonymous_0)
FNDA:0,(anonymous_1)
FNDA:0,(anonymous_2)
FNDA:0,(anonymous_3)
FNDA:0,(anonymous_4)
FNDA:0,(anonymous_5)
FNDA:0,(anonymous_6)
FNDA:0,(anonymous_7)
FNDA:0,(anonymous_8)
FNDA:0,(anonymous_9)
FNDA:0,(anonymous_10)
FNDA:0,(anonymous_11)
FNDA:0,(anonymous_12)
FNDA:0,(anonymous_13)
FNDA:0,(anonymous_14)
FNDA:0,(anonymous_15)
FNDA:0,(anonymous_16)
FNDA:0,(anonymous_17)
FNDA:0,(anonymous_18)
FNDA:0,(anonymous_19)
FNDA:0,(anonymous_20)
FNDA:0,(anonymous_21)
FNDA:0,(anonymous_22)
DA:15,0
DA:16,0
DA:19,0
DA:22,0
DA:25,0
DA:26,0
DA:29,0
DA:30,0
DA:31,0
DA:32,0
DA:33,0
DA:34,0
DA:35,0
DA:36,0
DA:37,0
DA:38,0
DA:42,0
LF:17
LH:0
BRF:0
BRH:0
end_of_record
TN:
SF:logger.ts
FN:20,processArgs
FN:24,(anonymous_1)
FN:29,(anonymous_2)
FN:53,createLogger
FN:67,(anonymous_4)
FN:81,(anonymous_5)
FN:88,(anonymous_6)
FN:89,(anonymous_7)
FN:90,(anonymous_8)
FN:93,(anonymous_9)
FN:97,(anonymous_10)
FN:101,(anonymous_11)
FNF:12
FNH:0
FNDA:0,processArgs
FNDA:0,(anonymous_1)
FNDA:0,(anonymous_2)
FNDA:0,createLogger
FNDA:0,(anonymous_4)
FNDA:0,(anonymous_5)
FNDA:0,(anonymous_6)
FNDA:0,(anonymous_7)
FNDA:0,(anonymous_8)
FNDA:0,(anonymous_9)
FNDA:0,(anonymous_10)
FNDA:0,(anonymous_11)
DA:1,0
DA:2,0
DA:3,0
DA:7,0
DA:8,0
DA:10,0
DA:11,0
DA:13,0
DA:14,0
DA:21,0
DA:23,0
DA:24,0
DA:28,0
DA:30,0
DA:31,0
DA:32,0
DA:34,0
DA:36,0
DA:42,0
DA:53,0
DA:58,0
DA:67,0
DA:69,0
DA:73,0
DA:74,0
DA:78,0
DA:81,0
DA:86,0
DA:88,0
DA:89,0
DA:90,0
DA:94,0
DA:98,0
DA:101,0
LF:34
LH:0
BRDA:7,0,0,0
BRDA:10,1,0,0
BRDA:13,2,0,0
BRDA:23,3,0,0
BRDA:23,3,1,0
BRDA:31,4,0,0
BRDA:54,5,0,0
BRDA:55,6,0,0
BRDA:59,7,0,0
BRDA:59,7,1,0
BRDA:59,8,0,0
BRDA:59,8,1,0
BRDA:60,9,0,0
BRDA:60,9,1,0
BRDA:60,10,0,0
BRDA:60,10,1,0
BRDA:61,11,0,0
BRDA:61,11,1,0
BRDA:61,12,0,0
BRDA:61,12,1,0
BRDA:61,13,0,0
BRDA:61,13,1,0
BRDA:69,14,0,0
BRDA:73,15,0,0
BRDA:73,16,0,0
BRDA:73,16,1,0
BRF:26
BRH:0
end_of_record
TN:
SF:redaction.ts
FN:53,redactSensitiveInfo
FN:89,redactValue
FN:101,(anonymous_2)
FN:111,(anonymous_3)
FNF:4
FNH:0
FNDA:0,redactSensitiveInfo
FNDA:0,redactValue
FNDA:0,(anonymous_2)
FNDA:0,(anonymous_3)
DA:6,0
DA:9,0
DA:12,0
DA:15,0
DA:18,0
DA:21,0
DA:24,0
DA:27,0
DA:30,0
DA:35,0
DA:53,0
DA:54,0
DA:57,0
DA:58,0
DA:61,0
DA:67,0
DA:89,0
DA:90,0
DA:91,0
DA:95,0
DA:96,0
DA:100,0
DA:101,0
DA:105,0
DA:106,0
DA:108,0
DA:110,0
DA:112,0
DA:117,0
DA:119,0
DA:123,0
DA:127,0
LF:32
LH:0
BRDA:90,0,0,0
BRDA:90,1,0,0
BRDA:90,1,1,0
BRDA:95,2,0,0
BRDA:100,3,0,0
BRDA:105,4,0,0
BRDA:105,5,0,0
BRDA:105,5,1,0
BRDA:110,6,0,0
BRDA:110,6,1,0
BRDA:111,7,0,0
BRDA:111,7,1,0
BRF:12
BRH:0
end_of_record
TN:
SF:singleton.ts
FN:47,initializeLoggerSingleton
FN:79,(anonymous_1)
FN:80,(anonymous_2)
FN:81,(anonymous_3)
FN:84,(anonymous_4)
FN:88,(anonymous_5)
FN:97,(anonymous_6)
FN:107,(anonymous_7)
FNF:8
FNH:0
FNDA:0,initializeLoggerSingleton
FNDA:0,(anonymous_1)
FNDA:0,(anonymous_2)
FNDA:0,(anonymous_3)
FNDA:0,(anonymous_4)
FNDA:0,(anonymous_5)
FNDA:0,(anonymous_6)
FNDA:0,(anonymous_7)
DA:5,0
DA:7,0
DA:8,0
DA:12,0
DA:19,0
DA:47,0
DA:52,0
DA:58,0
DA:76,0
DA:79,0
DA:80,0
DA:81,0
DA:84,0
DA:85,0
DA:88,0
DA:89,0
DA:97,0
DA:101,0
DA:107,0
DA:108,0
LF:20
LH:0
BRDA:48,0,0,0
BRDA:49,1,0,0
BRDA:53,2,0,0
BRDA:53,2,1,0
BRDA:53,3,0,0
BRDA:53,3,1,0
BRDA:54,4,0,0
BRDA:54,4,1,0
BRDA:54,5,0,0
BRDA:54,5,1,0
BRDA:55,6,0,0
BRDA:55,6,1,0
BRDA:55,7,0,0
BRDA:55,7,1,0
BRF:14
BRH:0
end_of_record
TN:
SF:db/adapter.ts
FN:29,(anonymous_0)
FN:34,(anonymous_1)
FN:38,(anonymous_2)
FNF:3
FNH:0
FNDA:0,(anonymous_0)
FNDA:0,(anonymous_1)
FNDA:0,(anonymous_2)
DA:28,0
DA:31,0
DA:35,0
DA:39,0
DA:44,0
DA:45,0
LF:6
LH:0
BRDA:44,0,0,0
BRF:1
BRH:0
end_of_record
TN:
SF:db/drizzle.ts
FN:14,createDrizzleAdapter
FN:18,(anonymous_1)
FN:57,(anonymous_2)
FN:73,(anonymous_3)
FN:90,(anonymous_4)
FN:93,(anonymous_5)
FNF:6
FNH:0
FNDA:0,createDrizzleAdapter
FNDA:0,(anonymous_1)
FNDA:0,(anonymous_2)
FNDA:0,(anonymous_3)
FNDA:0,(anonymous_4)
FNDA:0,(anonymous_5)
DA:1,0
DA:4,0
DA:6,0
DA:14,0
DA:18,0
DA:19,0
DA:21,0
DA:22,0
DA:30,0
DA:33,0
DA:34,0
DA:38,0
DA:41,0
DA:42,0
DA:48,0
DA:49,0
DA:57,0
DA:58,0
DA:59,0
DA:60,0
DA:63,0
DA:64,0
DA:66,0
DA:73,0
DA:74,0
DA:75,0
DA:76,0
DA:79,0
DA:80,0
DA:82,0
DA:90,0
DA:91,0
DA:93,0
DA:94,0
DA:96,0
DA:97,0
DA:100,0
DA:101,0
DA:105,0
DA:107,0
DA:108,0
DA:116,0
DA:118,0
LF:43
LH:0
BRDA:33,0,0,0
BRDA:41,1,0,0
BRDA:41,2,0,0
BRDA:41,2,1,0
BRDA:48,3,0,0
BRDA:48,4,0,0
BRDA:48,4,1,0
BRDA:63,5,0,0
BRDA:63,6,0,0
BRDA:63,6,1,0
BRDA:79,7,0,0
BRDA:79,8,0,0
BRDA:79,8,1,0
BRDA:91,9,0,0
BRDA:91,10,0,0
BRDA:91,10,1,0
BRDA:91,11,0,0
BRDA:91,11,1,0
BRDA:96,12,0,0
BRDA:96,13,0,0
BRDA:96,13,1,0
BRDA:107,14,0,0
BRDA:107,15,0,0
BRDA:107,15,1,0
BRF:24
BRH:0
end_of_record
TN:
SF:db/index.ts
FNF:0
FNH:0
DA:1,0
DA:2,0
LF:2
LH:0
BRF:0
BRH:0
end_of_record
TN:
SF:schema/index.ts
FN:10,(anonymous_0)
FNF:1
FNH:0
FNDA:0,(anonymous_0)
DA:1,0
DA:2,0
DA:3,0
DA:8,0
DA:10,0
LF:5
LH:0
BRF:0
BRH:0
end_of_record
